

Microchip Technology PIC LITE Macro Assembler V1.38 build -256452561 
                                                                                               Thu May 17 13:53:31 2018

Microchip Technology Omniscient Code Generator v1.38 (Free mode) build 201607010351
     1                           	processor	16F877A
     2                           	opt	pw 120
     3                           	opt	lm
     4                           	psect	cinit,global,class=CODE,merge=1,delta=2
     5                           	psect	cstackCOMMON,global,class=COMMON,space=1,delta=1
     6                           	psect	maintext,global,class=CODE,split=1,delta=2
     7                           	psect	text1,local,class=CODE,merge=1,delta=2
     8                           	psect	text2,local,class=CODE,merge=1,delta=2
     9                           	dabs	1,0x7E,2
    10  0000                     	;# 
    11  0001                     	;# 
    12  0002                     	;# 
    13  0003                     	;# 
    14  0004                     	;# 
    15  0005                     	;# 
    16  0006                     	;# 
    17  0007                     	;# 
    18  0008                     	;# 
    19  0009                     	;# 
    20  000A                     	;# 
    21  000B                     	;# 
    22  000C                     	;# 
    23  000D                     	;# 
    24  000E                     	;# 
    25  000E                     	;# 
    26  000F                     	;# 
    27  0010                     	;# 
    28  0011                     	;# 
    29  0012                     	;# 
    30  0013                     	;# 
    31  0014                     	;# 
    32  0015                     	;# 
    33  0015                     	;# 
    34  0016                     	;# 
    35  0017                     	;# 
    36  0018                     	;# 
    37  0019                     	;# 
    38  001A                     	;# 
    39  001B                     	;# 
    40  001B                     	;# 
    41  001C                     	;# 
    42  001D                     	;# 
    43  001E                     	;# 
    44  001F                     	;# 
    45  0081                     	;# 
    46  0085                     	;# 
    47  0086                     	;# 
    48  0087                     	;# 
    49  0088                     	;# 
    50  0089                     	;# 
    51  008C                     	;# 
    52  008D                     	;# 
    53  008E                     	;# 
    54  0091                     	;# 
    55  0092                     	;# 
    56  0093                     	;# 
    57  0094                     	;# 
    58  0098                     	;# 
    59  0099                     	;# 
    60  009C                     	;# 
    61  009D                     	;# 
    62  009E                     	;# 
    63  009F                     	;# 
    64  010C                     	;# 
    65  010D                     	;# 
    66  010E                     	;# 
    67  010F                     	;# 
    68  018C                     	;# 
    69  018D                     	;# 
    70  0013                     _SSPBUF	set	19
    71  0014                     _SSPCON	set	20
    72  0094                     _SSPSTAT	set	148
    73  0094                     _SSPSTATbits	set	148
    74  043B                     _TRISC3	set	1083
    75  043D                     _TRISC5	set	1085
    76                           
    77                           ; #config settings
    78  0000                     
    79                           	psect	cinit
    80  07FC                     start_initialization:	
    81  07FC                     __initialization:	
    82  07FC                     end_of_initialization:	
    83                           ;End of C runtime variable initialization code
    84                           
    85  07FC                     __end_of__initialization:	
    86  07FC  0183               	clrf	3
    87  07FD  120A  118A  2FBD   	ljmp	_main	;jump to C main() function
    88                           
    89                           	psect	cstackCOMMON
    90  0070                     __pcstackCOMMON:	
    91  0070                     ?_SPI_Initialize_Master:	
    92  0070                     ??_SPI_Initialize_Master:	
    93                           ; 1 bytes @ 0x0
    94                           
    95  0070                     ?_SPI_Write:	
    96                           ; 1 bytes @ 0x0
    97                           
    98  0070                     ??_SPI_Write:	
    99                           ; 1 bytes @ 0x0
   100                           
   101  0070                     ?_main:	
   102                           ; 1 bytes @ 0x0
   103                           
   104  0070                     SPI_Write@incoming:	
   105                           ; 1 bytes @ 0x0
   106                           
   107                           
   108                           ; 1 bytes @ 0x0
   109  0070                     	ds	1
   110  0071                     ??_main:	
   111                           
   112                           ; 1 bytes @ 0x1
   113  0071                     	ds	3
   114                           
   115                           	psect	maintext
   116  07BD                     __pmaintext:	
   117 ;;
   118 ;;Main: autosize = 0, tempsize = 3, incstack = 0, save=0
   119 ;;
   120 ;; *************** function _main *****************
   121 ;; Defined at:
   122 ;;		line 23 in file "PIC_SPI.c"
   123 ;; Parameters:    Size  Location     Type
   124 ;;		None
   125 ;; Auto vars:     Size  Location     Type
   126 ;;		None
   127 ;; Return value:  Size  Location     Type
   128 ;;                  1    wreg      void 
   129 ;; Registers used:
   130 ;;		wreg, status,2, status,0, pclath, cstack
   131 ;; Tracked objects:
   132 ;;		On entry : B00/0
   133 ;;		On exit  : 0/0
   134 ;;		Unchanged: 0/0
   135 ;; Data sizes:     COMMON   BANK0   BANK1   BANK3   BANK2
   136 ;;      Params:         0       0       0       0       0
   137 ;;      Locals:         0       0       0       0       0
   138 ;;      Temps:          3       0       0       0       0
   139 ;;      Totals:         3       0       0       0       0
   140 ;;Total ram usage:        3 bytes
   141 ;; Hardware stack levels required when called:    1
   142 ;; This function calls:
   143 ;;		_SPI_Initialize_Master
   144 ;;		_SPI_Write
   145 ;; This function is called by:
   146 ;;		Startup code after reset
   147 ;; This function uses a non-reentrant model
   148 ;;
   149                           
   150                           
   151                           ;psect for function _main
   152  07BD                     _main:	
   153                           
   154                           ;PIC_SPI.c: 25: SPI_Initialize_Master();
   155                           
   156                           ;incstack = 0
   157                           ; Regs used in _main: [wreg+status,2+status,0+pclath+cstack]
   158  07BD  120A  118A  27B1  120A  118A  	fcall	_SPI_Initialize_Master
   159  07C2                     l37:	
   160                           ;PIC_SPI.c: 27: while(1)
   161                           
   162                           
   163                           ;PIC_SPI.c: 28: {
   164                           ;PIC_SPI.c: 29: SPI_Write(0X0A);
   165  07C2  300A               	movlw	10
   166  07C3  120A  118A  27AB  120A  118A  	fcall	_SPI_Write
   167                           
   168                           ;PIC_SPI.c: 30: _delay((unsigned long)((100)*(20000000/4000.0)));
   169  07C8  3003               	movlw	3
   170  07C9  00F3               	movwf	??_main+2
   171  07CA  308A               	movlw	138
   172  07CB  00F2               	movwf	??_main+1
   173  07CC  3056               	movlw	86
   174  07CD  00F1               	movwf	??_main
   175  07CE                     u27:	
   176  07CE  0BF1               	decfsz	??_main,f
   177  07CF  2FCE               	goto	u27
   178  07D0  0BF2               	decfsz	??_main+1,f
   179  07D1  2FCE               	goto	u27
   180  07D2  0BF3               	decfsz	??_main+2,f
   181  07D3  2FCE               	goto	u27
   182  07D4  2FD5               	nop2
   183                           
   184                           ;PIC_SPI.c: 31: SPI_Write(0X0F);
   185  07D5  300F               	movlw	15
   186  07D6  120A  118A  27AB  120A  118A  	fcall	_SPI_Write
   187                           
   188                           ;PIC_SPI.c: 32: _delay((unsigned long)((100)*(20000000/4000.0)));
   189  07DB  3003               	movlw	3
   190  07DC  00F3               	movwf	??_main+2
   191  07DD  308A               	movlw	138
   192  07DE  00F2               	movwf	??_main+1
   193  07DF  3056               	movlw	86
   194  07E0  00F1               	movwf	??_main
   195  07E1                     u37:	
   196  07E1  0BF1               	decfsz	??_main,f
   197  07E2  2FE1               	goto	u37
   198  07E3  0BF2               	decfsz	??_main+1,f
   199  07E4  2FE1               	goto	u37
   200  07E5  0BF3               	decfsz	??_main+2,f
   201  07E6  2FE1               	goto	u37
   202  07E7  2FE8               	nop2
   203                           
   204                           ;PIC_SPI.c: 33: SPI_Write(0X15);
   205  07E8  3015               	movlw	21
   206  07E9  120A  118A  27AB  120A  118A  	fcall	_SPI_Write
   207                           
   208                           ;PIC_SPI.c: 34: _delay((unsigned long)((100)*(20000000/4000.0)));
   209  07EE  3003               	movlw	3
   210  07EF  00F3               	movwf	??_main+2
   211  07F0  308A               	movlw	138
   212  07F1  00F2               	movwf	??_main+1
   213  07F2  3056               	movlw	86
   214  07F3  00F1               	movwf	??_main
   215  07F4                     u47:	
   216  07F4  0BF1               	decfsz	??_main,f
   217  07F5  2FF4               	goto	u47
   218  07F6  0BF2               	decfsz	??_main+1,f
   219  07F7  2FF4               	goto	u47
   220  07F8  0BF3               	decfsz	??_main+2,f
   221  07F9  2FF4               	goto	u47
   222  07FA  2FFB               	nop2
   223  07FB  2FC2               	goto	l37
   224  07FC                     __end_of_main:	
   225                           
   226                           	psect	text1
   227  07AB                     __ptext1:	
   228 ;; *************** function _SPI_Write *****************
   229 ;; Defined at:
   230 ;;		line 29 in file "PIC16F877a_SPI.h"
   231 ;; Parameters:    Size  Location     Type
   232 ;;  incoming        1    wreg     unsigned char 
   233 ;; Auto vars:     Size  Location     Type
   234 ;;  incoming        1    0[COMMON] unsigned char 
   235 ;; Return value:  Size  Location     Type
   236 ;;                  1    wreg      void 
   237 ;; Registers used:
   238 ;;		wreg
   239 ;; Tracked objects:
   240 ;;		On entry : 0/0
   241 ;;		On exit  : 0/0
   242 ;;		Unchanged: 0/0
   243 ;; Data sizes:     COMMON   BANK0   BANK1   BANK3   BANK2
   244 ;;      Params:         0       0       0       0       0
   245 ;;      Locals:         1       0       0       0       0
   246 ;;      Temps:          0       0       0       0       0
   247 ;;      Totals:         1       0       0       0       0
   248 ;;Total ram usage:        1 bytes
   249 ;; Hardware stack levels used:    1
   250 ;; This function calls:
   251 ;;		Nothing
   252 ;; This function is called by:
   253 ;;		_main
   254 ;; This function uses a non-reentrant model
   255 ;;
   256                           
   257                           
   258                           ;psect for function _SPI_Write
   259  07AB                     _SPI_Write:	
   260                           
   261                           ;incstack = 0
   262                           ; Regs used in _SPI_Write: [wreg]
   263                           ;SPI_Write@incoming stored from wreg
   264  07AB  00F0               	movwf	SPI_Write@incoming
   265                           
   266                           ;PIC16F877a_SPI.h: 31: SSPBUF = incoming;
   267  07AC  0870               	movf	SPI_Write@incoming,w
   268  07AD  1283               	bcf	3,5	;RP0=0, select bank0
   269  07AE  1303               	bcf	3,6	;RP1=0, select bank0
   270  07AF  0093               	movwf	19	;volatile
   271  07B0  0008               	return
   272  07B1                     __end_of_SPI_Write:	
   273                           
   274                           	psect	text2
   275  07B1                     __ptext2:	
   276 ;; *************** function _SPI_Initialize_Master *****************
   277 ;; Defined at:
   278 ;;		line 12 in file "PIC16F877a_SPI.h"
   279 ;; Parameters:    Size  Location     Type
   280 ;;		None
   281 ;; Auto vars:     Size  Location     Type
   282 ;;		None
   283 ;; Return value:  Size  Location     Type
   284 ;;                  1    wreg      void 
   285 ;; Registers used:
   286 ;;		wreg, status,2
   287 ;; Tracked objects:
   288 ;;		On entry : 0/0
   289 ;;		On exit  : 0/0
   290 ;;		Unchanged: 0/0
   291 ;; Data sizes:     COMMON   BANK0   BANK1   BANK3   BANK2
   292 ;;      Params:         0       0       0       0       0
   293 ;;      Locals:         0       0       0       0       0
   294 ;;      Temps:          0       0       0       0       0
   295 ;;      Totals:         0       0       0       0       0
   296 ;;Total ram usage:        0 bytes
   297 ;; Hardware stack levels used:    1
   298 ;; This function calls:
   299 ;;		Nothing
   300 ;; This function is called by:
   301 ;;		_main
   302 ;; This function uses a non-reentrant model
   303 ;;
   304                           
   305                           
   306                           ;psect for function _SPI_Initialize_Master
   307  07B1                     _SPI_Initialize_Master:	
   308                           
   309                           ;PIC16F877a_SPI.h: 14: TRISC5 = 0;
   310                           
   311                           ;incstack = 0
   312                           ; Regs used in _SPI_Initialize_Master: [wreg+status,2]
   313  07B1  1683               	bsf	3,5	;RP0=1, select bank1
   314  07B2  1303               	bcf	3,6	;RP1=0, select bank1
   315  07B3  1287               	bcf	7,5	;volatile
   316                           
   317                           ;PIC16F877a_SPI.h: 15: SSPSTAT = 0b00000000;
   318  07B4  0194               	clrf	20	;volatile
   319                           
   320                           ;PIC16F877a_SPI.h: 16: SSPCON = 0b00100000;
   321  07B5  3020               	movlw	32
   322  07B6  1283               	bcf	3,5	;RP0=0, select bank0
   323  07B7  1303               	bcf	3,6	;RP1=0, select bank0
   324  07B8  0094               	movwf	20	;volatile
   325                           
   326                           ;PIC16F877a_SPI.h: 17: TRISC3 = 0;
   327  07B9  1683               	bsf	3,5	;RP0=1, select bank1
   328  07BA  1303               	bcf	3,6	;RP1=0, select bank1
   329  07BB  1187               	bcf	7,3	;volatile
   330  07BC  0008               	return
   331  07BD                     __end_of_SPI_Initialize_Master:	
   332  007E                     btemp	set	126	;btemp
   333  007E                     wtemp	set	126
   334  007E                     wtemp0	set	126
   335  0080                     wtemp1	set	128
   336  0082                     wtemp2	set	130
   337  0084                     wtemp3	set	132
   338  0086                     wtemp4	set	134
   339  0088                     wtemp5	set	136
   340  007F                     wtemp6	set	127
   341  007E                     ttemp	set	126
   342  007E                     ttemp0	set	126
   343  0081                     ttemp1	set	129
   344  0084                     ttemp2	set	132
   345  0087                     ttemp3	set	135
   346  007F                     ttemp4	set	127
   347  007E                     ltemp	set	126
   348  007E                     ltemp0	set	126
   349  0082                     ltemp1	set	130
   350  0086                     ltemp2	set	134
   351  0080                     ltemp3	set	128


Data Sizes:
    Strings     0
    Constant    0
    Data        0
    BSS         0
    Persistent  0
    Stack       0

Auto Spaces:
    Space          Size  Autos    Used
    COMMON           14      4       4
    BANK0            80      0       0
    BANK1            80      0       0
    BANK3            96      0       0
    BANK2            96      0       0

Pointer List with Targets:

    None.

Critical Paths under _main in COMMON

    _main->_SPI_Write

Critical Paths under _main in BANK0

    None.

Critical Paths under _main in BANK1

    None.

Critical Paths under _main in BANK3

    None.

Critical Paths under _main in BANK2

    None.

Call Graph Tables:

 ---------------------------------------------------------------------------------
 (Depth) Function   	        Calls       Base Space   Used Autos Params    Refs
 ---------------------------------------------------------------------------------
 (0) _main                                                 3     3      0      15
                                              1 COMMON     3     3      0
              _SPI_Initialize_Master
                          _SPI_Write
 ---------------------------------------------------------------------------------
 (1) _SPI_Write                                            1     1      0      15
                                              0 COMMON     1     1      0
 ---------------------------------------------------------------------------------
 (1) _SPI_Initialize_Master                                0     0      0       0
 ---------------------------------------------------------------------------------
 Estimated maximum stack depth 1
 ---------------------------------------------------------------------------------

 Call Graph Graphs:

 _main (ROOT)
   _SPI_Initialize_Master
   _SPI_Write

 Address spaces:
Name               Size   Autos  Total    Cost      Usage
BITCOMMON            E      0       0       0        0.0%
EEDATA             100      0       0       0        0.0%
NULL                 0      0       0       0        0.0%
CODE                 0      0       0       0        0.0%
COMMON               E      4       4       1       28.6%
BITSFR0              0      0       0       1        0.0%
SFR0                 0      0       0       1        0.0%
BITSFR1              0      0       0       2        0.0%
SFR1                 0      0       0       2        0.0%
STACK                0      0       0       2        0.0%
ABS                  0      0       0       3        0.0%
BITBANK0            50      0       0       4        0.0%
BITSFR3              0      0       0       4        0.0%
SFR3                 0      0       0       4        0.0%
BANK0               50      0       0       5        0.0%
BITSFR2              0      0       0       5        0.0%
SFR2                 0      0       0       5        0.0%
BITBANK1            50      0       0       6        0.0%
BANK1               50      0       0       7        0.0%
BITBANK3            60      0       0       8        0.0%
BANK3               60      0       0       9        0.0%
BITBANK2            60      0       0      10        0.0%
BANK2               60      0       0      11        0.0%
DATA                 0      0       0      12        0.0%


Microchip Technology PIC Macro Assembler V1.38 build -256452561 
Symbol Table                                                                                   Thu May 17 13:53:31 2018

                   __CFG_CP$OFF 0000                     _SSPSTATbits 0094                              l37 07C2  
                            u27 07CE                              u37 07E1                              u47 07F4  
                  __CFG_CPD$OFF 0000                    __CFG_FOSC$XT 0000                    __CFG_LVP$OFF 0000  
                  __CFG_WRT$OFF 0000                            _main 07BD                            btemp 007E  
                          ltemp 007E                            start 0000                            ttemp 007E  
                          wtemp 007E                           ?_main 0070                   __CFG_WDTE$OFF 0000  
                __CFG_BOREN$OFF 0000                           ltemp0 007E                           ltemp1 0082  
                         ltemp2 0086                           ltemp3 0080                           ttemp0 007E  
                         ttemp1 0081                           ttemp2 0084                           ttemp3 0087  
                         ttemp4 007F                           status 0003                           wtemp0 007E  
                         wtemp1 0080                           wtemp2 0082                           wtemp3 0084  
                         wtemp4 0086                           wtemp5 0088                           wtemp6 007F  
            __size_of_SPI_Write 0006                 __initialization 07FC                    __end_of_main 07FC  
                        ??_main 0071  __size_of_SPI_Initialize_Master 000C                          _TRISC3 043B  
                        _TRISC5 043D   __end_of_SPI_Initialize_Master 07BD                          _SSPCON 0014  
                        _SSPBUF 0013                  __CFG_PWRTE$OFF 0000               __end_of_SPI_Write 07B1  
       __end_of__initialization 07FC                  __pcstackCOMMON 0070                      __pmaintext 07BD  
             SPI_Write@incoming 0070                         _SSPSTAT 0094                         __ptext1 07AB  
                       __ptext2 07B1            end_of_initialization 07FC                       _SPI_Write 07AB  
         _SPI_Initialize_Master 07B1             start_initialization 07FC                      ?_SPI_Write 0070  
                     ___latbits 0002          ?_SPI_Initialize_Master 0070                     ??_SPI_Write 0070  
                 __size_of_main 003F         ??_SPI_Initialize_Master 0070  
